<?xml version="1.0" encoding="UTF-8"?>
<!-- Generated by org.testng.reporters.JUnitXMLReporter -->
<testsuite hostname="BDC6-DX-6GN5NK2" ignored="0" name="Default test" tests="3" failures="0" timestamp="29 May 2019 03:17:50 GMT" time="0.063" errors="0">
  <testcase name="testLogin" time="0.015" classname="TestNGdemo.demodat"/>
  <testcase name="testLogin" time="0.0" classname="TestNGdemo.demodat"/>
  <testcase name="testLogin" time="0.0" classname="TestNGdemo.demodat"/>
</testsuite> <!-- Default test -->
